-------------------------------------------------------------------------------
Test set: org.apolyon.unitest.ejemplos.models.TagTest
-------------------------------------------------------------------------------
Tests run: 21, Failures: 0, Errors: 1, Skipped: 0, Time elapsed: 0.054 s <<< FAILURE! - in org.apolyon.unitest.ejemplos.models.TagTest
test_Debito_Cuenta_Parametrizado_CSV_File{String}[7]  Time elapsed: 0.002 s  <<< ERROR!
org.apolyon.unitest.ejemplos.exceptions.DineroInsuficienteException: Dinero insuficiente
	at org.apolyon.unitest.ejemplos.models.TagTest.test_Debito_Cuenta_Parametrizado_CSV_File(TagTest.java:73)

